<?xml version="1.0" encoding="UTF-8"?>
<!-- Generated by org.testng.reporters.JUnitReportReporter -->
<testsuite hostname="Yvonnes-MacBook-Pro.local" failures="0" tests="1" name="com.pathmotion.Homepage" time="22.324" errors="0" timestamp="03 Oct 2021 17:41:55 GMT" skipped="0">
  <testcase classname="com.pathmotion.Homepage" name="getDiscussionHitCounts" time="22.324"/>
</testsuite> <!-- com.pathmotion.Homepage -->
