<?xml version="1.0" encoding="UTF-8"?>
<!-- Generated by org.testng.reporters.JUnitReportReporter -->
<testsuite hostname="Yvonnes-MacBook-Pro.local" failures="0" tests="1" name="com.pathmotion.Homepage" time="3.071" errors="0" timestamp="01 Oct 2021 15:35:26 GMT" skipped="0">
  <testcase classname="com.pathmotion.Homepage" name="getDiscussionHitCounts" time="3.071"/>
</testsuite> <!-- com.pathmotion.Homepage -->
