<?xml version="1.0" encoding="UTF-8"?>
<!-- Generated by org.testng.reporters.JUnitReportReporter -->
<testsuite hostname="Yvonnes-MacBook-Pro.local" failures="0" tests="1" name="com.pathmotion.Homepage" time="28.355" errors="0" timestamp="01 Oct 2021 14:12:27 GMT" skipped="0">
  <testcase classname="com.pathmotion.Homepage" name="getHitsCount" time="28.355"/>
</testsuite> <!-- com.pathmotion.Homepage -->
