<?xml version="1.0" encoding="UTF-8"?>
<!-- Generated by org.testng.reporters.JUnitReportReporter -->
<testsuite hostname="Yvonnes-MacBook-Pro.local" failures="0" tests="1" name="com.pathmotion.Homepage" time="2.731" errors="0" timestamp="30 Sep 2021 16:08:36 GMT" skipped="0">
  <testcase classname="com.pathmotion.Homepage" name="getHitsCount" time="2.731"/>
</testsuite> <!-- com.pathmotion.Homepage -->
